<?xml version="1.0" encoding="UTF-8"?>
<!-- Generated by org.testng.reporters.JUnitXMLReporter -->
<testsuite hostname="Raghuram" ignored="0" name="Notification" tests="3" failures="2" timestamp="29 Jun 2017 15:58:28 GMT" time="57.246" errors="0">
  <testcase name="selfAssessmentUnlock" time="11.111" classname="com.medlink.Android.TestCase.Notification">
    <failure type="org.openqa.selenium.NoSuchElementException" message="org.openqa.selenium.NoSuchElementException: An element could not be located on the page using the given search parameters
For documentation on this error, please visit: http://seleniumhq.org/exceptions/no_such_element.html
Build info: version: &amp;apos;2.53.1&amp;apos;, revision: &amp;apos;a36b8b1cd5757287168e54b817830adce9b0158d&amp;apos;, time: &amp;apos;2016-06-30 19:26:09&amp;apos;
System info: host: &amp;apos;Raghuram&amp;apos;, ip: &amp;apos;192.168.36.140&amp;apos;, os.name: &amp;apos;Windows 8.1&amp;apos;, os.arch: &amp;apos;amd64&amp;apos;, os.version: &amp;apos;6.3&amp;apos;, java.version: &amp;apos;1.8.0_73&amp;apos;
Driver info: driver.version: SeeTestAndroidDriver">
      <![CDATA[org.openqa.selenium.NoSuchElementException: org.openqa.selenium.NoSuchElementException: An element could not be located on the page using the given search parameters
For documentation on this error, please visit: http://seleniumhq.org/exceptions/no_such_element.html
Build info: version: '2.53.1', revision: 'a36b8b1cd5757287168e54b817830adce9b0158d', time: '2016-06-30 19:26:09'
System info: host: 'Raghuram', ip: '192.168.36.140', os.name: 'Windows 8.1', os.arch: 'amd64', os.version: '6.3', java.version: '1.8.0_73'
Driver info: driver.version: SeeTestAndroidDriver
	at com.experitest.appium.STExceptions.throwNoSuchElementException(STExceptions.java:8)
	at com.experitest.appium.SeeTestAndroidElement.findElementBy(SeeTestAndroidElement.java:36)
	at com.experitest.appium.SeeTestAndroidDriver.findElementBy(SeeTestAndroidDriver.java:137)
	at com.experitest.appium.SeeTestAndroidDriver.findElementByXPath(SeeTestAndroidDriver.java:645)
	at org.openqa.selenium.By$ByXPath.findElement(By.java:361)
	at org.openqa.selenium.remote.RemoteWebDriver.findElement(RemoteWebDriver.java:355)
	at io.appium.java_client.DefaultGenericMobileDriver.findElement(DefaultGenericMobileDriver.java:52)
	at io.appium.java_client.AppiumDriver.findElement(AppiumDriver.java:1)
	at io.appium.java_client.android.AndroidDriver.findElement(AndroidDriver.java:1)
	at com.experitest.appium.SeeTestAndroidDriver.findElement(SeeTestAndroidDriver.java:867)
	at com.medlink.Android.TestCase.Notification.selfAssessmentUnlock(Notification.java:39)
... Removed 25 stack frames]]>
    </failure>
  </testcase> <!-- selfAssessmentUnlock -->
  <testcase name="sessionCompletion" time="1.617" classname="com.medlink.Android.TestCase.Notification"/>
  <testcase name="sessionUnlock" time="10.659" classname="com.medlink.Android.TestCase.Notification">
    <failure type="org.openqa.selenium.NoSuchElementException" message="org.openqa.selenium.NoSuchElementException: An element could not be located on the page using the given search parameters
For documentation on this error, please visit: http://seleniumhq.org/exceptions/no_such_element.html
Build info: version: &amp;apos;2.53.1&amp;apos;, revision: &amp;apos;a36b8b1cd5757287168e54b817830adce9b0158d&amp;apos;, time: &amp;apos;2016-06-30 19:26:09&amp;apos;
System info: host: &amp;apos;Raghuram&amp;apos;, ip: &amp;apos;192.168.36.140&amp;apos;, os.name: &amp;apos;Windows 8.1&amp;apos;, os.arch: &amp;apos;amd64&amp;apos;, os.version: &amp;apos;6.3&amp;apos;, java.version: &amp;apos;1.8.0_73&amp;apos;
Driver info: driver.version: SeeTestAndroidDriver">
      <![CDATA[org.openqa.selenium.NoSuchElementException: org.openqa.selenium.NoSuchElementException: An element could not be located on the page using the given search parameters
For documentation on this error, please visit: http://seleniumhq.org/exceptions/no_such_element.html
Build info: version: '2.53.1', revision: 'a36b8b1cd5757287168e54b817830adce9b0158d', time: '2016-06-30 19:26:09'
System info: host: 'Raghuram', ip: '192.168.36.140', os.name: 'Windows 8.1', os.arch: 'amd64', os.version: '6.3', java.version: '1.8.0_73'
Driver info: driver.version: SeeTestAndroidDriver
	at com.experitest.appium.STExceptions.throwNoSuchElementException(STExceptions.java:8)
	at com.experitest.appium.SeeTestAndroidElement.findElementBy(SeeTestAndroidElement.java:36)
	at com.experitest.appium.SeeTestAndroidDriver.findElementBy(SeeTestAndroidDriver.java:137)
	at com.experitest.appium.SeeTestAndroidDriver.findElementByXPath(SeeTestAndroidDriver.java:645)
	at org.openqa.selenium.By$ByXPath.findElement(By.java:361)
	at org.openqa.selenium.remote.RemoteWebDriver.findElement(RemoteWebDriver.java:355)
	at io.appium.java_client.DefaultGenericMobileDriver.findElement(DefaultGenericMobileDriver.java:52)
	at io.appium.java_client.AppiumDriver.findElement(AppiumDriver.java:1)
	at io.appium.java_client.android.AndroidDriver.findElement(AndroidDriver.java:1)
	at com.experitest.appium.SeeTestAndroidDriver.findElement(SeeTestAndroidDriver.java:867)
	at com.medlink.Android.TestCase.Notification.sessionUnlock(Notification.java:46)
... Removed 25 stack frames]]>
    </failure>
  </testcase> <!-- sessionUnlock -->
</testsuite> <!-- Notification -->
