<?xml version="1.0" encoding="UTF-8"?>
<!-- Generated by org.testng.reporters.JUnitXMLReporter -->
<testsuite hostname="Raghuram" ignored="0" name="Self Assessment" tests="2" failures="1" timestamp="29 Jun 2017 15:56:50 GMT" time="32.092" errors="0">
  <testcase name="SelfAssessmentCompletion" time="9.553" classname="com.medlink.Android.TestCase.SelfAssessment">
    <failure type="java.lang.AssertionError" message="expected [20%] but found [11%]">
      <![CDATA[java.lang.AssertionError: expected [20%] but found [11%]
	at com.medlink.Android.TestCase.SelfAssessment.SelfAssessmentCompletion(SelfAssessment.java:38)
... Removed 31 stack frames]]>
    </failure>
  </testcase> <!-- SelfAssessmentCompletion -->
  <testcase name="selfAssessmeentReset" time="0.0" classname="com.medlink.Android.TestCase.SelfAssessment">
    <skipped/>
  </testcase> <!-- selfAssessmeentReset -->
</testsuite> <!-- Self Assessment -->
